
SQL*Loader: Release 21.0.0.0.0 - Production on 수 10월 12 14:58:27 2022
Version 21.3.0.0.0

Copyright (c) 1982, 2021, Oracle and/or its affiliates.  All rights reserved.

제어 파일:    C:\app\ML_load_csv.ctl
데이터 파일:    C:\app\breast-cancer.csv
  부적합한 파일:     C:\app\breast-cancer.bad
  폐기 파일:    지정 사항 없음
 
 (모든 폐기된 레코드 허용)

로드할 건수: ALL
생략 건수: 1
허용 오류 수: 50
바인드 배열:  250 행, 최대 1048576 바이트
계속:    지정 사항 없음
사용된 경로:      규약

테이블 TEST_TBL, 로드되었습니다 개개의 논리 레코드로부터
이 테이블에 적당한 Insert 옵션: APPEND
TRAILING NULLCOLS 옵션 유효

   열 이름                  위치   Len  Term Encl 데이터 유형
------------------------------ ---------- ----- ---- ---- ---------------------
COL1                                FIRST     *   ,       CHARACTER            
COL2                                 NEXT     *   ,       CHARACTER            
COL3                                 NEXT     *   ,       CHARACTER            
COL4                                 NEXT     *   ,       CHARACTER            
COL5                                 NEXT     *   ,       CHARACTER            
COL6                                 NEXT     *   ,       CHARACTER            
COL7                                 NEXT     *   ,       CHARACTER            
COL8                                 NEXT     *   ,       CHARACTER            
COL9                                 NEXT     *   ,       CHARACTER            
COL10                                NEXT     *   ,       CHARACTER            
COL11                                NEXT     *   ,       CHARACTER            
COL12                                NEXT     *   ,       CHARACTER            
COL13                                NEXT     *   ,       CHARACTER            
COL14                                NEXT     *   ,       CHARACTER            
COL15                                NEXT     *   ,       CHARACTER            
COL16                                NEXT     *   ,       CHARACTER            
COL17                                NEXT     *   ,       CHARACTER            
COL18                                NEXT     *   ,       CHARACTER            
COL19                                NEXT     *   ,       CHARACTER            
COL20                                NEXT     *   ,       CHARACTER            
COL21                                NEXT     *   ,       CHARACTER            
COL22                                NEXT     *   ,       CHARACTER            
COL23                                NEXT     *   ,       CHARACTER            
COL24                                NEXT     *   ,       CHARACTER            
COL25                                NEXT     *   ,       CHARACTER            
COL26                                NEXT     *   ,       CHARACTER            
COL27                                NEXT     *   ,       CHARACTER            
COL28                                NEXT     *   ,       CHARACTER            
COL29                                NEXT     *   ,       CHARACTER            
COL30                                NEXT     *   ,       CHARACTER            
COL31                                NEXT     *   ,       CHARACTER            
COL32                                NEXT     *   ,       CHARACTER            

ROWS 매개변수에 사용된 값이 250에서 127(으)로 변경됨
테이블 TEST_TBL:
  569 행이(가) 성공적으로 로드되었습니다.
  데이터 오류 때문에 0 행이(가) 로드되지 않았습니다.
  모든 WHEN 절을 실패했기 때문에 0 행이(가) 로드되지 않았습니다.
  모든 필드가 널이기 때문에 0 행이(가) 로드되지 않았습니다.


바인드 배열에 할당된 영역:           1048512바이트(127 행)
읽기 버퍼 바이트: 1048576

건너뛴 논리 레코드의 합계:          1
읽은 논리 레코드의 합계:           569
거부된 논리 레코드의 합계:         0
폐기된 논리 레코드의 합계:        0

수 10월 12 14:58:27 2022에 실행 개시
수 10월 12 14:58:28 2022에 실행 종료

경과 시간:        00:00:01.03
CPU 시간:         00:00:00.14
